     7>D:\projects\2024-misis-fall\misis2024f-24-01-vigalok-v-v\prj.check\prj.check\doctest_stackl\doctest_stackl.cpp(7,10): error C1083: Cannot open include file: 'stackl/stackl.hpp': No such file or directory [D:\projects\2024-misis-fall\misis2024f-24-01-vigalok-v-v\build.check\prj.check\prj.check\doctest_stackl\doctest_stackl.vcxproj]
    11>D:\projects\2024-misis-fall\misis2024f-24-01-vigalok-v-v\prj.check\prj.check\doctest_arrayt\doctest_arrayt.cpp(14,16): error C2187: syntax error: 'ArrayT' was unexpected here [D:\projects\2024-misis-fall\misis2024f-24-01-vigalok-v-v\build.check\prj.check\prj.check\doctest_arrayt\doctest_arrayt.vcxproj]
    11>D:\projects\2024-misis-fall\misis2024f-24-01-vigalok-v-v\prj.check\prj.check\doctest_arrayt\doctest_arrayt.cpp(17,3): error C3861: 'ArrayD': identifier not found [D:\projects\2024-misis-fall\misis2024f-24-01-vigalok-v-v\build.check\prj.check\prj.check\doctest_arrayt\doctest_arrayt.vcxproj]
    11>D:\projects\2024-misis-fall\misis2024f-24-01-vigalok-v-v\prj.check\prj.check\doctest_arrayt\doctest_arrayt.cpp(18,3): error C3861: 'ArrayD': identifier not found [D:\projects\2024-misis-fall\misis2024f-24-01-vigalok-v-v\build.check\prj.check\prj.check\doctest_arrayt\doctest_arrayt.vcxproj]
    11>D:\projects\2024-misis-fall\misis2024f-24-01-vigalok-v-v\prj.check\prj.check\doctest_arrayt\doctest_arrayt.cpp(25,3): error C2065: 'ArrayD': undeclared identifier [D:\projects\2024-misis-fall\misis2024f-24-01-vigalok-v-v\build.check\prj.check\prj.check\doctest_arrayt\doctest_arrayt.vcxproj]
    11>D:\projects\2024-misis-fall\misis2024f-24-01-vigalok-v-v\prj.check\prj.check\doctest_arrayt\doctest_arrayt.cpp(25,10): error C2146: syntax error: missing ';' before identifier 'ar' [D:\projects\2024-misis-fall\misis2024f-24-01-vigalok-v-v\build.check\prj.check\prj.check\doctest_arrayt\doctest_arrayt.vcxproj]
    11>D:\projects\2024-misis-fall\misis2024f-24-01-vigalok-v-v\prj.check\prj.check\doctest_arrayt\doctest_arrayt.cpp(25,10): error C3861: 'ar': identifier not found [D:\projects\2024-misis-fall\misis2024f-24-01-vigalok-v-v\build.check\prj.check\prj.check\doctest_arrayt\doctest_arrayt.vcxproj]
    11>D:\projects\2024-misis-fall\misis2024f-24-01-vigalok-v-v\prj.check\prj.check\doctest_arrayt\doctest_arrayt.cpp(26,3): error C2065: 'ar': undeclared identifier [D:\projects\2024-misis-fall\misis2024f-24-01-vigalok-v-v\build.check\prj.check\prj.check\doctest_arrayt\doctest_arrayt.vcxproj]
    11>D:\projects\2024-misis-fall\misis2024f-24-01-vigalok-v-v\prj.check\prj.check\doctest_arrayt\doctest_arrayt.cpp(26,3): error C2672: 'doctest::detail::ResultBuilder::binary_assert': no matching overloaded function found [D:\projects\2024-misis-fall\misis2024f-24-01-vigalok-v-v\build.check\prj.check\prj.check\doctest_arrayt\doctest_arrayt.vcxproj]
    11>D:\projects\2024-misis-fall\misis2024f-24-01-vigalok-v-v\prj.check\prj.check\doctest_arrayt\doctest_arrayt.cpp(27,3): error C2065: 'ar': undeclared identifier [D:\projects\2024-misis-fall\misis2024f-24-01-vigalok-v-v\build.check\prj.check\prj.check\doctest_arrayt\doctest_arrayt.vcxproj]
    11>D:\projects\2024-misis-fall\misis2024f-24-01-vigalok-v-v\prj.check\prj.check\doctest_arrayt\doctest_arrayt.cpp(27,3): error C2672: 'doctest::detail::ResultBuilder::binary_assert': no matching overloaded function found [D:\projects\2024-misis-fall\misis2024f-24-01-vigalok-v-v\build.check\prj.check\prj.check\doctest_arrayt\doctest_arrayt.vcxproj]
    11>D:\projects\2024-misis-fall\misis2024f-24-01-vigalok-v-v\prj.check\prj.check\doctest_arrayt\doctest_arrayt.cpp(29,3): error C3861: 'ArrayD': identifier not found [D:\projects\2024-misis-fall\misis2024f-24-01-vigalok-v-v\build.check\prj.check\prj.check\doctest_arrayt\doctest_arrayt.vcxproj]
    11>D:\projects\2024-misis-fall\misis2024f-24-01-vigalok-v-v\prj.check\prj.check\doctest_arrayt\doctest_arrayt.cpp(30,3): error C3861: 'ArrayD': identifier not found [D:\projects\2024-misis-fall\misis2024f-24-01-vigalok-v-v\build.check\prj.check\prj.check\doctest_arrayt\doctest_arrayt.vcxproj]
    11>D:\projects\2024-misis-fall\misis2024f-24-01-vigalok-v-v\prj.check\prj.check\doctest_arrayt\doctest_arrayt.cpp(34,3): error C2065: 'ArrayD': undeclared identifier [D:\projects\2024-misis-fall\misis2024f-24-01-vigalok-v-v\build.check\prj.check\prj.check\doctest_arrayt\doctest_arrayt.vcxproj]
    11>D:\projects\2024-misis-fall\misis2024f-24-01-vigalok-v-v\prj.check\prj.check\doctest_arrayt\doctest_arrayt.cpp(34,10): error C2146: syntax error: missing ';' before identifier 'ar' [D:\projects\2024-misis-fall\misis2024f-24-01-vigalok-v-v\build.check\prj.check\prj.check\doctest_arrayt\doctest_arrayt.vcxproj]
    11>D:\projects\2024-misis-fall\misis2024f-24-01-vigalok-v-v\prj.check\prj.check\doctest_arrayt\doctest_arrayt.cpp(34,10): error C3861: 'ar': identifier not found [D:\projects\2024-misis-fall\misis2024f-24-01-vigalok-v-v\build.check\prj.check\prj.check\doctest_arrayt\doctest_arrayt.vcxproj]
    11>D:\projects\2024-misis-fall\misis2024f-24-01-vigalok-v-v\prj.check\prj.check\doctest_arrayt\doctest_arrayt.cpp(35,22): error C2065: 'ar': undeclared identifier [D:\projects\2024-misis-fall\misis2024f-24-01-vigalok-v-v\build.check\prj.check\prj.check\doctest_arrayt\doctest_arrayt.vcxproj]
    11>D:\projects\2024-misis-fall\misis2024f-24-01-vigalok-v-v\prj.check\prj.check\doctest_arrayt\doctest_arrayt.cpp(36,5): error C2065: 'ar': undeclared identifier [D:\projects\2024-misis-fall\misis2024f-24-01-vigalok-v-v\build.check\prj.check\prj.check\doctest_arrayt\doctest_arrayt.vcxproj]
    11>D:\projects\2024-misis-fall\misis2024f-24-01-vigalok-v-v\prj.check\prj.check\doctest_arrayt\doctest_arrayt.cpp(38,3): error C2065: 'ArrayD': undeclared identifier [D:\projects\2024-misis-fall\misis2024f-24-01-vigalok-v-v\build.check\prj.check\prj.check\doctest_arrayt\doctest_arrayt.vcxproj]
    11>D:\projects\2024-misis-fall\misis2024f-24-01-vigalok-v-v\prj.check\prj.check\doctest_arrayt\doctest_arrayt.cpp(38,10): error C2146: syntax error: missing ';' before identifier 'ar_copy' [D:\projects\2024-misis-fall\misis2024f-24-01-vigalok-v-v\build.check\prj.check\prj.check\doctest_arrayt\doctest_arrayt.vcxproj]
    11>D:\projects\2024-misis-fall\misis2024f-24-01-vigalok-v-v\prj.check\prj.check\doctest_arrayt\doctest_arrayt.cpp(38,18): error C2065: 'ar': undeclared identifier [D:\projects\2024-misis-fall\misis2024f-24-01-vigalok-v-v\build.check\prj.check\prj.check\doctest_arrayt\doctest_arrayt.vcxproj]
    11>D:\projects\2024-misis-fall\misis2024f-24-01-vigalok-v-v\prj.check\prj.check\doctest_arrayt\doctest_arrayt.cpp(38,10): error C3861: 'ar_copy': identifier not found [D:\projects\2024-misis-fall\misis2024f-24-01-vigalok-v-v\build.check\prj.check\prj.check\doctest_arrayt\doctest_arrayt.vcxproj]
    11>D:\projects\2024-misis-fall\misis2024f-24-01-vigalok-v-v\prj.check\prj.check\doctest_arrayt\doctest_arrayt.cpp(39,3): error C2065: 'ar': undeclared identifier [D:\projects\2024-misis-fall\misis2024f-24-01-vigalok-v-v\build.check\prj.check\prj.check\doctest_arrayt\doctest_arrayt.vcxproj]
    11>D:\projects\2024-misis-fall\misis2024f-24-01-vigalok-v-v\prj.check\prj.check\doctest_arrayt\doctest_arrayt.cpp(39,3): error C2065: 'ar_copy': undeclared identifier [D:\projects\2024-misis-fall\misis2024f-24-01-vigalok-v-v\build.check\prj.check\prj.check\doctest_arrayt\doctest_arrayt.vcxproj]
    11>D:\projects\2024-misis-fall\misis2024f-24-01-vigalok-v-v\prj.check\prj.check\doctest_arrayt\doctest_arrayt.cpp(40,22): error C2065: 'ar': undeclared identifier [D:\projects\2024-misis-fall\misis2024f-24-01-vigalok-v-v\build.check\prj.check\prj.check\doctest_arrayt\doctest_arrayt.vcxproj]
    11>D:\projects\2024-misis-fall\misis2024f-24-01-vigalok-v-v\prj.check\prj.check\doctest_arrayt\doctest_arrayt.cpp(41,5): error C2065: 'ar': undeclared identifier [D:\projects\2024-misis-fall\misis2024f-24-01-vigalok-v-v\build.check\prj.check\prj.check\doctest_arrayt\doctest_arrayt.vcxproj]
    11>D:\projects\2024-misis-fall\misis2024f-24-01-vigalok-v-v\prj.check\prj.check\doctest_arrayt\doctest_arrayt.cpp(41,5): error C2065: 'ar_copy': undeclared identifier [D:\projects\2024-misis-fall\misis2024f-24-01-vigalok-v-v\build.check\prj.check\prj.check\doctest_arrayt\doctest_arrayt.vcxproj]
    11>D:\projects\2024-misis-fall\misis2024f-24-01-vigalok-v-v\prj.check\prj.check\doctest_arrayt\doctest_arrayt.cpp(41,5): error C2512: 'doctest::Approx': no appropriate default constructor available [D:\projects\2024-misis-fall\misis2024f-24-01-vigalok-v-v\build.check\prj.check\prj.check\doctest_arrayt\doctest_arrayt.vcxproj]
    11>D:\projects\2024-misis-fall\misis2024f-24-01-vigalok-v-v\prj.check\prj.check\doctest_arrayt\doctest_arrayt.cpp(41,5): error C2672: 'doctest::detail::ResultBuilder::binary_assert': no matching overloaded function found [D:\projects\2024-misis-fall\misis2024f-24-01-vigalok-v-v\build.check\prj.check\prj.check\doctest_arrayt\doctest_arrayt.vcxproj]
    11>D:\projects\2024-misis-fall\misis2024f-24-01-vigalok-v-v\prj.check\prj.check\doctest_arrayt\doctest_arrayt.cpp(43,22): error C2065: 'ar': undeclared identifier [D:\projects\2024-misis-fall\misis2024f-24-01-vigalok-v-v\build.check\prj.check\prj.check\doctest_arrayt\doctest_arrayt.vcxproj]
    11>D:\projects\2024-misis-fall\misis2024f-24-01-vigalok-v-v\prj.check\prj.check\doctest_arrayt\doctest_arrayt.cpp(44,5): error C2065: 'ar': undeclared identifier [D:\projects\2024-misis-fall\misis2024f-24-01-vigalok-v-v\build.check\prj.check\prj.check\doctest_arrayt\doctest_arrayt.vcxproj]
    11>D:\projects\2024-misis-fall\misis2024f-24-01-vigalok-v-v\prj.check\prj.check\doctest_arrayt\doctest_arrayt.cpp(46,22): error C2065: 'ar': undeclared identifier [D:\projects\2024-misis-fall\misis2024f-24-01-vigalok-v-v\build.check\prj.check\prj.check\doctest_arrayt\doctest_arrayt.vcxproj]
    11>D:\projects\2024-misis-fall\misis2024f-24-01-vigalok-v-v\prj.check\prj.check\doctest_arrayt\doctest_arrayt.cpp(47,5): error C2065: 'ar': undeclared identifier [D:\projects\2024-misis-fall\misis2024f-24-01-vigalok-v-v\build.check\prj.check\prj.check\doctest_arrayt\doctest_arrayt.vcxproj]
    11>D:\projects\2024-misis-fall\misis2024f-24-01-vigalok-v-v\prj.check\prj.check\doctest_arrayt\doctest_arrayt.cpp(47,5): error C2065: 'ar_copy': undeclared identifier [D:\projects\2024-misis-fall\misis2024f-24-01-vigalok-v-v\build.check\prj.check\prj.check\doctest_arrayt\doctest_arrayt.vcxproj]
    11>D:\projects\2024-misis-fall\misis2024f-24-01-vigalok-v-v\prj.check\prj.check\doctest_arrayt\doctest_arrayt.cpp(47,5): error C2512: 'doctest::Approx': no appropriate default constructor available [D:\projects\2024-misis-fall\misis2024f-24-01-vigalok-v-v\build.check\prj.check\prj.check\doctest_arrayt\doctest_arrayt.vcxproj]
    11>D:\projects\2024-misis-fall\misis2024f-24-01-vigalok-v-v\prj.check\prj.check\doctest_arrayt\doctest_arrayt.cpp(47,5): error C2672: 'doctest::detail::ResultBuilder::binary_assert': no matching overloaded function found [D:\projects\2024-misis-fall\misis2024f-24-01-vigalok-v-v\build.check\prj.check\prj.check\doctest_arrayt\doctest_arrayt.vcxproj]
    11>D:\projects\2024-misis-fall\misis2024f-24-01-vigalok-v-v\prj.check\prj.check\doctest_arrayt\doctest_arrayt.cpp(52,3): error C2065: 'ArrayD': undeclared identifier [D:\projects\2024-misis-fall\misis2024f-24-01-vigalok-v-v\build.check\prj.check\prj.check\doctest_arrayt\doctest_arrayt.vcxproj]
    11>D:\projects\2024-misis-fall\misis2024f-24-01-vigalok-v-v\prj.check\prj.check\doctest_arrayt\doctest_arrayt.cpp(52,10): error C2146: syntax error: missing ';' before identifier 'ar' [D:\projects\2024-misis-fall\misis2024f-24-01-vigalok-v-v\build.check\prj.check\prj.check\doctest_arrayt\doctest_arrayt.vcxproj]
    11>D:\projects\2024-misis-fall\misis2024f-24-01-vigalok-v-v\prj.check\prj.check\doctest_arrayt\doctest_arrayt.cpp(52,10): error C3861: 'ar': identifier not found [D:\projects\2024-misis-fall\misis2024f-24-01-vigalok-v-v\build.check\prj.check\prj.check\doctest_arrayt\doctest_arrayt.vcxproj]
    11>D:\projects\2024-misis-fall\misis2024f-24-01-vigalok-v-v\prj.check\prj.check\doctest_arrayt\doctest_arrayt.cpp(53,22): error C2065: 'ar': undeclared identifier [D:\projects\2024-misis-fall\misis2024f-24-01-vigalok-v-v\build.check\prj.check\prj.check\doctest_arrayt\doctest_arrayt.vcxproj]
    11>D:\projects\2024-misis-fall\misis2024f-24-01-vigalok-v-v\prj.check\prj.check\doctest_arrayt\doctest_arrayt.cpp(54,5): error C2065: 'ar': undeclared identifier [D:\projects\2024-misis-fall\misis2024f-24-01-vigalok-v-v\build.check\prj.check\prj.check\doctest_arrayt\doctest_arrayt.vcxproj]
    11>D:\projects\2024-misis-fall\misis2024f-24-01-vigalok-v-v\prj.check\prj.check\doctest_arrayt\doctest_arrayt.cpp(58,3): error C2065: 'ar': undeclared identifier [D:\projects\2024-misis-fall\misis2024f-24-01-vigalok-v-v\build.check\prj.check\prj.check\doctest_arrayt\doctest_arrayt.vcxproj]
    11>D:\projects\2024-misis-fall\misis2024f-24-01-vigalok-v-v\prj.check\prj.check\doctest_arrayt\doctest_arrayt.cpp(58,8): error C2065: 'ar': undeclared identifier [D:\projects\2024-misis-fall\misis2024f-24-01-vigalok-v-v\build.check\prj.check\prj.check\doctest_arrayt\doctest_arrayt.vcxproj]
    11>D:\projects\2024-misis-fall\misis2024f-24-01-vigalok-v-v\prj.check\prj.check\doctest_arrayt\doctest_arrayt.cpp(59,22): error C2065: 'ar': undeclared identifier [D:\projects\2024-misis-fall\misis2024f-24-01-vigalok-v-v\build.check\prj.check\prj.check\doctest_arrayt\doctest_arrayt.vcxproj]
    11>D:\projects\2024-misis-fall\misis2024f-24-01-vigalok-v-v\prj.check\prj.check\doctest_arrayt\doctest_arrayt.cpp(60,33): error C2065: 'ar': undeclared identifier [D:\projects\2024-misis-fall\misis2024f-24-01-vigalok-v-v\build.check\prj.check\prj.check\doctest_arrayt\doctest_arrayt.vcxproj]
    11>D:\projects\2024-misis-fall\misis2024f-24-01-vigalok-v-v\prj.check\prj.check\doctest_arrayt\doctest_arrayt.cpp(65,3): error C2065: 'ArrayD': undeclared identifier [D:\projects\2024-misis-fall\misis2024f-24-01-vigalok-v-v\build.check\prj.check\prj.check\doctest_arrayt\doctest_arrayt.vcxproj]
    11>D:\projects\2024-misis-fall\misis2024f-24-01-vigalok-v-v\prj.check\prj.check\doctest_arrayt\doctest_arrayt.cpp(65,10): error C2146: syntax error: missing ';' before identifier 'ar_copy' [D:\projects\2024-misis-fall\misis2024f-24-01-vigalok-v-v\build.check\prj.check\prj.check\doctest_arrayt\doctest_arrayt.vcxproj]
    11>D:\projects\2024-misis-fall\misis2024f-24-01-vigalok-v-v\prj.check\prj.check\doctest_arrayt\doctest_arrayt.cpp(65,10): error C2065: 'ar_copy': undeclared identifier [D:\projects\2024-misis-fall\misis2024f-24-01-vigalok-v-v\build.check\prj.check\prj.check\doctest_arrayt\doctest_arrayt.vcxproj]
    11>D:\projects\2024-misis-fall\misis2024f-24-01-vigalok-v-v\prj.check\prj.check\doctest_arrayt\doctest_arrayt.cpp(66,3): error C2065: 'ar': undeclared identifier [D:\projects\2024-misis-fall\misis2024f-24-01-vigalok-v-v\build.check\prj.check\prj.check\doctest_arrayt\doctest_arrayt.vcxproj]
    11>D:\projects\2024-misis-fall\misis2024f-24-01-vigalok-v-v\prj.check\prj.check\doctest_arrayt\doctest_arrayt.cpp(66,3): error C2065: 'ar_copy': undeclared identifier [D:\projects\2024-misis-fall\misis2024f-24-01-vigalok-v-v\build.check\prj.check\prj.check\doctest_arrayt\doctest_arrayt.vcxproj]
    11>D:\projects\2024-misis-fall\misis2024f-24-01-vigalok-v-v\prj.check\prj.check\doctest_arrayt\doctest_arrayt.cpp(67,3): error C2065: 'ar_copy': undeclared identifier [D:\projects\2024-misis-fall\misis2024f-24-01-vigalok-v-v\build.check\prj.check\prj.check\doctest_arrayt\doctest_arrayt.vcxproj]
    11>D:\projects\2024-misis-fall\misis2024f-24-01-vigalok-v-v\prj.check\prj.check\doctest_arrayt\doctest_arrayt.cpp(67,13): error C2065: 'ar': undeclared identifier [D:\projects\2024-misis-fall\misis2024f-24-01-vigalok-v-v\build.check\prj.check\prj.check\doctest_arrayt\doctest_arrayt.vcxproj]
    11>D:\projects\2024-misis-fall\misis2024f-24-01-vigalok-v-v\prj.check\prj.check\doctest_arrayt\doctest_arrayt.cpp(68,16): error C2065: 'ar': undeclared identifier [D:\projects\2024-misis-fall\misis2024f-24-01-vigalok-v-v\build.check\prj.check\prj.check\doctest_arrayt\doctest_arrayt.vcxproj]
    11>D:\projects\2024-misis-fall\misis2024f-24-01-vigalok-v-v\prj.check\prj.check\doctest_arrayt\doctest_arrayt.cpp(68,29): error C2065: 'ar_copy': undeclared identifier [D:\projects\2024-misis-fall\misis2024f-24-01-vigalok-v-v\build.check\prj.check\prj.check\doctest_arrayt\doctest_arrayt.vcxproj]
    11>D:\projects\2024-misis-fall\misis2024f-24-01-vigalok-v-v\prj.check\prj.check\doctest_arrayt\doctest_arrayt.cpp(69,22): error C2065: 'ar': undeclared identifier [D:\projects\2024-misis-fall\misis2024f-24-01-vigalok-v-v\build.check\prj.check\prj.check\doctest_arrayt\doctest_arrayt.vcxproj]
    11>D:\projects\2024-misis-fall\misis2024f-24-01-vigalok-v-v\prj.check\prj.check\doctest_arrayt\doctest_arrayt.cpp(70,33): error C2065: 'ar': undeclared identifier [D:\projects\2024-misis-fall\misis2024f-24-01-vigalok-v-v\build.check\prj.check\prj.check\doctest_arrayt\doctest_arrayt.vcxproj]
    11>D:\projects\2024-misis-fall\misis2024f-24-01-vigalok-v-v\prj.check\prj.check\doctest_arrayt\doctest_arrayt.cpp(70,58): error C2065: 'ar_copy': undeclared identifier [D:\projects\2024-misis-fall\misis2024f-24-01-vigalok-v-v\build.check\prj.check\prj.check\doctest_arrayt\doctest_arrayt.vcxproj]
    11>D:\projects\2024-misis-fall\misis2024f-24-01-vigalok-v-v\prj.check\prj.check\doctest_arrayt\doctest_arrayt.cpp(70,57): error C2512: 'doctest::Approx': no appropriate default constructor available [D:\projects\2024-misis-fall\misis2024f-24-01-vigalok-v-v\build.check\prj.check\prj.check\doctest_arrayt\doctest_arrayt.vcxproj]
    11>D:\projects\2024-misis-fall\misis2024f-24-01-vigalok-v-v\prj.check\prj.check\doctest_arrayt\doctest_arrayt.cpp(74,22): error C2065: 'ar': undeclared identifier [D:\projects\2024-misis-fall\misis2024f-24-01-vigalok-v-v\build.check\prj.check\prj.check\doctest_arrayt\doctest_arrayt.vcxproj]
    11>D:\projects\2024-misis-fall\misis2024f-24-01-vigalok-v-v\prj.check\prj.check\doctest_arrayt\doctest_arrayt.cpp(75,5): error C2065: 'ar': undeclared identifier [D:\projects\2024-misis-fall\misis2024f-24-01-vigalok-v-v\build.check\prj.check\prj.check\doctest_arrayt\doctest_arrayt.vcxproj]
    11>D:\projects\2024-misis-fall\misis2024f-24-01-vigalok-v-v\prj.check\prj.check\doctest_arrayt\doctest_arrayt.cpp(77,22): error C2065: 'ar': undeclared identifier [D:\projects\2024-misis-fall\misis2024f-24-01-vigalok-v-v\build.check\prj.check\prj.check\doctest_arrayt\doctest_arrayt.vcxproj]
    11>D:\projects\2024-misis-fall\misis2024f-24-01-vigalok-v-v\prj.check\prj.check\doctest_arrayt\doctest_arrayt.cpp(78,33): error C2065: 'ar': undeclared identifier [D:\projects\2024-misis-fall\misis2024f-24-01-vigalok-v-v\build.check\prj.check\prj.check\doctest_arrayt\doctest_arrayt.vcxproj]
    11>D:\projects\2024-misis-fall\misis2024f-24-01-vigalok-v-v\prj.check\prj.check\doctest_arrayt\doctest_arrayt.cpp(78,58): error C2065: 'ar_copy': undeclared identifier [D:\projects\2024-misis-fall\misis2024f-24-01-vigalok-v-v\build.check\prj.check\prj.check\doctest_arrayt\doctest_arrayt.vcxproj]
    11>D:\projects\2024-misis-fall\misis2024f-24-01-vigalok-v-v\prj.check\prj.check\doctest_arrayt\doctest_arrayt.cpp(78,57): error C2512: 'doctest::Approx': no appropriate default constructor available [D:\projects\2024-misis-fall\misis2024f-24-01-vigalok-v-v\build.check\prj.check\prj.check\doctest_arrayt\doctest_arrayt.vcxproj]
    11>D:\projects\2024-misis-fall\misis2024f-24-01-vigalok-v-v\prj.check\prj.check\doctest_arrayt\doctest_arrayt.cpp(84,3): error C2065: 'ArrayD': undeclared identifier [D:\projects\2024-misis-fall\misis2024f-24-01-vigalok-v-v\build.check\prj.check\prj.check\doctest_arrayt\doctest_arrayt.vcxproj]
    11>D:\projects\2024-misis-fall\misis2024f-24-01-vigalok-v-v\prj.check\prj.check\doctest_arrayt\doctest_arrayt.cpp(84,10): error C2146: syntax error: missing ';' before identifier 'ar100' [D:\projects\2024-misis-fall\misis2024f-24-01-vigalok-v-v\build.check\prj.check\prj.check\doctest_arrayt\doctest_arrayt.vcxproj]
    11>D:\projects\2024-misis-fall\misis2024f-24-01-vigalok-v-v\prj.check\prj.check\doctest_arrayt\doctest_arrayt.cpp(84,10): error C3861: 'ar100': identifier not found [D:\projects\2024-misis-fall\misis2024f-24-01-vigalok-v-v\build.check\prj.check\prj.check\doctest_arrayt\doctest_arrayt.vcxproj]
    11>D:\projects\2024-misis-fall\misis2024f-24-01-vigalok-v-v\prj.check\prj.check\doctest_arrayt\doctest_arrayt.cpp(85,22): error C2065: 'ar100': undeclared identifier [D:\projects\2024-misis-fall\misis2024f-24-01-vigalok-v-v\build.check\prj.check\prj.check\doctest_arrayt\doctest_arrayt.vcxproj]
    11>D:\projects\2024-misis-fall\misis2024f-24-01-vigalok-v-v\prj.check\prj.check\doctest_arrayt\doctest_arrayt.cpp(86,5): error C2065: 'ar100': undeclared identifier [D:\projects\2024-misis-fall\misis2024f-24-01-vigalok-v-v\build.check\prj.check\prj.check\doctest_arrayt\doctest_arrayt.vcxproj]
    11>D:\projects\2024-misis-fall\misis2024f-24-01-vigalok-v-v\prj.check\prj.check\doctest_arrayt\doctest_arrayt.cpp(88,3): error C2065: 'ar_copy': undeclared identifier [D:\projects\2024-misis-fall\misis2024f-24-01-vigalok-v-v\build.check\prj.check\prj.check\doctest_arrayt\doctest_arrayt.vcxproj]
    11>D:\projects\2024-misis-fall\misis2024f-24-01-vigalok-v-v\prj.check\prj.check\doctest_arrayt\doctest_arrayt.cpp(88,13): error C2065: 'ar100': undeclared identifier [D:\projects\2024-misis-fall\misis2024f-24-01-vigalok-v-v\build.check\prj.check\prj.check\doctest_arrayt\doctest_arrayt.vcxproj]
    11>D:\projects\2024-misis-fall\misis2024f-24-01-vigalok-v-v\prj.check\prj.check\doctest_arrayt\doctest_arrayt.cpp(89,22): error C2065: 'ar': undeclared identifier [D:\projects\2024-misis-fall\misis2024f-24-01-vigalok-v-v\build.check\prj.check\prj.check\doctest_arrayt\doctest_arrayt.vcxproj]
    11>D:\projects\2024-misis-fall\misis2024f-24-01-vigalok-v-v\prj.check\prj.check\doctest_arrayt\doctest_arrayt.cpp(90,33): error C2065: 'ar100': undeclared identifier [D:\projects\2024-misis-fall\misis2024f-24-01-vigalok-v-v\build.check\prj.check\prj.check\doctest_arrayt\doctest_arrayt.vcxproj]
    11>D:\projects\2024-misis-fall\misis2024f-24-01-vigalok-v-v\prj.check\prj.check\doctest_arrayt\doctest_arrayt.cpp(90,61): error C2065: 'ar_copy': undeclared identifier [D:\projects\2024-misis-fall\misis2024f-24-01-vigalok-v-v\build.check\prj.check\prj.check\doctest_arrayt\doctest_arrayt.vcxproj]
    11>D:\projects\2024-misis-fall\misis2024f-24-01-vigalok-v-v\prj.check\prj.check\doctest_arrayt\doctest_arrayt.cpp(90,60): error C2512: 'doctest::Approx': no appropriate default constructor available [D:\projects\2024-misis-fall\misis2024f-24-01-vigalok-v-v\build.check\prj.check\prj.check\doctest_arrayt\doctest_arrayt.vcxproj]
    11>D:\projects\2024-misis-fall\misis2024f-24-01-vigalok-v-v\prj.check\prj.check\doctest_arrayt\doctest_arrayt.cpp(98,3): error C2065: 'ArrayD': undeclared identifier [D:\projects\2024-misis-fall\misis2024f-24-01-vigalok-v-v\build.check\prj.check\prj.check\doctest_arrayt\doctest_arrayt.vcxproj]
    11>D:\projects\2024-misis-fall\misis2024f-24-01-vigalok-v-v\prj.check\prj.check\doctest_arrayt\doctest_arrayt.cpp(98,10): error C2146: syntax error: missing ';' before identifier 'ar' [D:\projects\2024-misis-fall\misis2024f-24-01-vigalok-v-v\build.check\prj.check\prj.check\doctest_arrayt\doctest_arrayt.vcxproj]
    11>D:\projects\2024-misis-fall\misis2024f-24-01-vigalok-v-v\prj.check\prj.check\doctest_arrayt\doctest_arrayt.cpp(98,10): error C3861: 'ar': identifier not found [D:\projects\2024-misis-fall\misis2024f-24-01-vigalok-v-v\build.check\prj.check\prj.check\doctest_arrayt\doctest_arrayt.vcxproj]
    11>D:\projects\2024-misis-fall\misis2024f-24-01-vigalok-v-v\prj.check\prj.check\doctest_arrayt\doctest_arrayt.cpp(99,3): error C2065: 'ar': undeclared identifier [D:\projects\2024-misis-fall\misis2024f-24-01-vigalok-v-v\build.check\prj.check\prj.check\doctest_arrayt\doctest_arrayt.vcxproj]
    11>D:\projects\2024-misis-fall\misis2024f-24-01-vigalok-v-v\prj.check\prj.check\doctest_arrayt\doctest_arrayt.cpp(100,3): error C2065: 'ar': undeclared identifier [D:\projects\2024-misis-fall\misis2024f-24-01-vigalok-v-v\build.check\prj.check\prj.check\doctest_arrayt\doctest_arrayt.vcxproj]
    11>D:\projects\2024-misis-fall\misis2024f-24-01-vigalok-v-v\prj.check\prj.check\doctest_arrayt\doctest_arrayt.cpp(101,3): error C2065: 'ar': undeclared identifier [D:\projects\2024-misis-fall\misis2024f-24-01-vigalok-v-v\build.check\prj.check\prj.check\doctest_arrayt\doctest_arrayt.vcxproj]
    11>D:\projects\2024-misis-fall\misis2024f-24-01-vigalok-v-v\prj.check\prj.check\doctest_arrayt\doctest_arrayt.cpp(102,3): error C2065: 'ar': undeclared identifier [D:\projects\2024-misis-fall\misis2024f-24-01-vigalok-v-v\build.check\prj.check\prj.check\doctest_arrayt\doctest_arrayt.vcxproj]
    11>D:\projects\2024-misis-fall\misis2024f-24-01-vigalok-v-v\prj.check\prj.check\doctest_arrayt\doctest_arrayt.cpp(103,21): error C2065: 'ar': undeclared identifier [D:\projects\2024-misis-fall\misis2024f-24-01-vigalok-v-v\build.check\prj.check\prj.check\doctest_arrayt\doctest_arrayt.vcxproj]
    11>D:\projects\2024-misis-fall\misis2024f-24-01-vigalok-v-v\prj.check\prj.check\doctest_arrayt\doctest_arrayt.cpp(104,3): error C2065: 'ar': undeclared identifier [D:\projects\2024-misis-fall\misis2024f-24-01-vigalok-v-v\build.check\prj.check\prj.check\doctest_arrayt\doctest_arrayt.vcxproj]
    11>D:\projects\2024-misis-fall\misis2024f-24-01-vigalok-v-v\prj.check\prj.check\doctest_arrayt\doctest_arrayt.cpp(105,3): error C2065: 'ar': undeclared identifier [D:\projects\2024-misis-fall\misis2024f-24-01-vigalok-v-v\build.check\prj.check\prj.check\doctest_arrayt\doctest_arrayt.vcxproj]
    11>D:\projects\2024-misis-fall\misis2024f-24-01-vigalok-v-v\prj.check\prj.check\doctest_arrayt\doctest_arrayt.cpp(111,3): error C2065: 'ArrayD': undeclared identifier [D:\projects\2024-misis-fall\misis2024f-24-01-vigalok-v-v\build.check\prj.check\prj.check\doctest_arrayt\doctest_arrayt.vcxproj]
    11>D:\projects\2024-misis-fall\misis2024f-24-01-vigalok-v-v\prj.check\prj.check\doctest_arrayt\doctest_arrayt.cpp(111,10): error C2146: syntax error: missing ';' before identifier 'ar' [D:\projects\2024-misis-fall\misis2024f-24-01-vigalok-v-v\build.check\prj.check\prj.check\doctest_arrayt\doctest_arrayt.vcxproj]
    11>D:\projects\2024-misis-fall\misis2024f-24-01-vigalok-v-v\prj.check\prj.check\doctest_arrayt\doctest_arrayt.cpp(111,10): error C3861: 'ar': identifier not found [D:\projects\2024-misis-fall\misis2024f-24-01-vigalok-v-v\build.check\prj.check\prj.check\doctest_arrayt\doctest_arrayt.vcxproj]
    11>D:\projects\2024-misis-fall\misis2024f-24-01-vigalok-v-v\prj.check\prj.check\doctest_arrayt\doctest_arrayt.cpp(112,22): error C2065: 'ar': undeclared identifier [D:\projects\2024-misis-fall\misis2024f-24-01-vigalok-v-v\build.check\prj.check\prj.check\doctest_arrayt\doctest_arrayt.vcxproj]
    11>D:\projects\2024-misis-fall\misis2024f-24-01-vigalok-v-v\prj.check\prj.check\doctest_arrayt\doctest_arrayt.cpp(113,5): error C2065: 'ar': undeclared identifier [D:\projects\2024-misis-fall\misis2024f-24-01-vigalok-v-v\build.check\prj.check\prj.check\doctest_arrayt\doctest_arrayt.vcxproj]
    11>D:\projects\2024-misis-fall\misis2024f-24-01-vigalok-v-v\prj.check\prj.check\doctest_arrayt\doctest_arrayt.cpp(115,3): error C2065: 'ar': undeclared identifier [D:\projects\2024-misis-fall\misis2024f-24-01-vigalok-v-v\build.check\prj.check\prj.check\doctest_arrayt\doctest_arrayt.vcxproj]
    11>D:\projects\2024-misis-fall\misis2024f-24-01-vigalok-v-v\prj.check\prj.check\doctest_arrayt\doctest_arrayt.cpp(117,22): error C2065: 'ar': undeclared identifier [D:\projects\2024-misis-fall\misis2024f-24-01-vigalok-v-v\build.check\prj.check\prj.check\doctest_arrayt\doctest_arrayt.vcxproj]
    11>D:\projects\2024-misis-fall\misis2024f-24-01-vigalok-v-v\prj.check\prj.check\doctest_arrayt\doctest_arrayt.cpp(118,35): error C2065: 'ar': undeclared identifier [D:\projects\2024-misis-fall\misis2024f-24-01-vigalok-v-v\build.check\prj.check\prj.check\doctest_arrayt\doctest_arrayt.vcxproj]
    11>D:\projects\2024-misis-fall\misis2024f-24-01-vigalok-v-v\prj.check\prj.check\doctest_arrayt\doctest_arrayt.cpp(123,3): error C2065: 'ar': undeclared identifier [D:\projects\2024-misis-fall\misis2024f-24-01-vigalok-v-v\build.check\prj.check\prj.check\doctest_arrayt\doctest_arrayt.vcxproj]
    11>D:\projects\2024-misis-fall\misis2024f-24-01-vigalok-v-v\prj.check\prj.check\doctest_arrayt\doctest_arrayt.cpp(124,23): error C2065: 'ar': undeclared identifier [D:\projects\2024-misis-fall\misis2024f-24-01-vigalok-v-v\build.check\prj.check\prj.check\doctest_arrayt\doctest_arrayt.vcxproj]
    11>D:\projects\2024-misis-fall\misis2024f-24-01-vigalok-v-v\prj.check\prj.check\doctest_arrayt\doctest_arrayt.cpp(125,3): error C2065: 'ar': undeclared identifier [D:\projects\2024-misis-fall\misis2024f-24-01-vigalok-v-v\build.check\prj.check\prj.check\doctest_arrayt\doctest_arrayt.vcxproj]
    11>D:\projects\2024-misis-fall\misis2024f-24-01-vigalok-v-v\prj.check\prj.check\doctest_arrayt\doctest_arrayt.cpp(126,22): error C2065: 'ar': undeclared identifier [D:\projects\2024-misis-fall\misis2024f-24-01-vigalok-v-v\build.check\prj.check\prj.check\doctest_arrayt\doctest_arrayt.vcxproj]
    11>D:\projects\2024-misis-fall\misis2024f-24-01-vigalok-v-v\prj.check\prj.check\doctest_arrayt\doctest_arrayt.cpp(127,35): error C2065: 'ar': undeclared identifier [D:\projects\2024-misis-fall\misis2024f-24-01-vigalok-v-v\build.check\prj.check\prj.check\doctest_arrayt\doctest_arrayt.vcxproj]
    11>D:\projects\2024-misis-fall\misis2024f-24-01-vigalok-v-v\prj.check\prj.check\doctest_arrayt\doctest_arrayt.cpp(130,18): error C2065: 'ar': undeclared identifier [D:\projects\2024-misis-fall\misis2024f-24-01-vigalok-v-v\build.check\prj.check\prj.check\doctest_arrayt\doctest_arrayt.vcxproj]
    11>D:\projects\2024-misis-fall\misis2024f-24-01-vigalok-v-v\prj.check\prj.check\doctest_arrayt\doctest_arrayt.cpp(130,18): error C1003: error count exceeds 100; stopping compilation [D:\projects\2024-misis-fall\misis2024f-24-01-vigalok-v-v\build.check\prj.check\prj.check\doctest_arrayt\doctest_arrayt.vcxproj]
    10>D:\projects\2024-misis-fall\misis2024f-24-01-vigalok-v-v\prj.check\prj.check\doctest_arrayd\doctest_arrayd.cpp(3,10): error C1083: Cannot open include file: 'arrayd/arrayd.hpp': No such file or directory [D:\projects\2024-misis-fall\misis2024f-24-01-vigalok-v-v\build.check\prj.check\prj.check\doctest_arrayd\doctest_arrayd.vcxproj]
    12>D:\projects\2024-misis-fall\misis2024f-24-01-vigalok-v-v\prj.check\prj.check\doctest_queuea\doctest_queuea.cpp(7,10): error C1083: Cannot open include file: 'queuea/queuea.hpp': No such file or directory [D:\projects\2024-misis-fall\misis2024f-24-01-vigalok-v-v\build.check\prj.check\prj.check\doctest_queuea\doctest_queuea.vcxproj]
     5>D:\projects\2024-misis-fall\misis2024f-24-01-vigalok-v-v\prj.check\prj.check\doctest_complex\doctest_complex.cpp(17,20): error C2039: 're': is not a member of 'Complex' [D:\projects\2024-misis-fall\misis2024f-24-01-vigalok-v-v\build.check\prj.check\prj.check\doctest_complex\doctest_complex.vcxproj]
     5>D:\projects\2024-misis-fall\misis2024f-24-01-vigalok-v-v\prj.check\prj.check\doctest_complex\doctest_complex.cpp(17,27): error C2039: 'im': is not a member of 'Complex' [D:\projects\2024-misis-fall\misis2024f-24-01-vigalok-v-v\build.check\prj.check\prj.check\doctest_complex\doctest_complex.vcxproj]
     5>D:\projects\2024-misis-fall\misis2024f-24-01-vigalok-v-v\prj.check\prj.check\doctest_complex\doctest_complex.cpp(66,3): error C2675: unary '-': 'Complex' does not define this operator or a conversion to a type acceptable to the predefined operator [D:\projects\2024-misis-fall\misis2024f-24-01-vigalok-v-v\build.check\prj.check\prj.check\doctest_complex\doctest_complex.vcxproj]
     5>D:\projects\2024-misis-fall\misis2024f-24-01-vigalok-v-v\prj.check\prj.check\doctest_complex\doctest_complex.cpp(66,3): error C2088: '-': illegal for struct [D:\projects\2024-misis-fall\misis2024f-24-01-vigalok-v-v\build.check\prj.check\prj.check\doctest_complex\doctest_complex.vcxproj]
     5>D:\projects\2024-misis-fall\misis2024f-24-01-vigalok-v-v\prj.check\prj.check\doctest_complex\doctest_complex.cpp(70,3): error C2675: unary '-': 'Complex' does not define this operator or a conversion to a type acceptable to the predefined operator [D:\projects\2024-misis-fall\misis2024f-24-01-vigalok-v-v\build.check\prj.check\prj.check\doctest_complex\doctest_complex.vcxproj]
     5>D:\projects\2024-misis-fall\misis2024f-24-01-vigalok-v-v\prj.check\prj.check\doctest_complex\doctest_complex.cpp(70,3): error C2088: '-': illegal for struct [D:\projects\2024-misis-fall\misis2024f-24-01-vigalok-v-v\build.check\prj.check\prj.check\doctest_complex\doctest_complex.vcxproj]
     5>D:\projects\2024-misis-fall\misis2024f-24-01-vigalok-v-v\prj.check\prj.check\doctest_complex\doctest_complex.cpp(113,3): error C2679: binary '/=': no operator found which takes a right-hand operand of type 'Complex' (or there is no acceptable conversion) [D:\projects\2024-misis-fall\misis2024f-24-01-vigalok-v-v\build.check\prj.check\prj.check\doctest_complex\doctest_complex.vcxproj]
     5>D:\projects\2024-misis-fall\misis2024f-24-01-vigalok-v-v\prj.check\prj.check\doctest_complex\doctest_complex.cpp(114,3): error C2679: binary '/=': no operator found which takes a right-hand operand of type 'Complex' (or there is no acceptable conversion) [D:\projects\2024-misis-fall\misis2024f-24-01-vigalok-v-v\build.check\prj.check\prj.check\doctest_complex\doctest_complex.vcxproj]
     5>D:\projects\2024-misis-fall\misis2024f-24-01-vigalok-v-v\prj.check\prj.check\doctest_complex\doctest_complex.cpp(114,3): error C2679: binary '/': no operator found which takes a right-hand operand of type 'Complex' (or there is no acceptable conversion) [D:\projects\2024-misis-fall\misis2024f-24-01-vigalok-v-v\build.check\prj.check\prj.check\doctest_complex\doctest_complex.vcxproj]
     5>D:\projects\2024-misis-fall\misis2024f-24-01-vigalok-v-v\prj.check\prj.check\doctest_complex\doctest_complex.cpp(120,3): error C2679: binary '/': no operator found which takes a right-hand operand of type 'Complex' (or there is no acceptable conversion) [D:\projects\2024-misis-fall\misis2024f-24-01-vigalok-v-v\build.check\prj.check\prj.check\doctest_complex\doctest_complex.vcxproj]
     5>D:\projects\2024-misis-fall\misis2024f-24-01-vigalok-v-v\prj.check\prj.check\doctest_complex\doctest_complex.cpp(121,3): error C2679: binary '/': no operator found which takes a right-hand operand of type 'Complex' (or there is no acceptable conversion) [D:\projects\2024-misis-fall\misis2024f-24-01-vigalok-v-v\build.check\prj.check\prj.check\doctest_complex\doctest_complex.vcxproj]
     5>D:\projects\2024-misis-fall\misis2024f-24-01-vigalok-v-v\prj.check\prj.check\doctest_complex\doctest_complex.cpp(123,3): error C2679: binary '/': no operator found which takes a right-hand operand of type 'Complex' (or there is no acceptable conversion) [D:\projects\2024-misis-fall\misis2024f-24-01-vigalok-v-v\build.check\prj.check\prj.check\doctest_complex\doctest_complex.vcxproj]
     5>D:\projects\2024-misis-fall\misis2024f-24-01-vigalok-v-v\prj.check\prj.check\doctest_complex\doctest_complex.cpp(123,3): error C2672: 'doctest::detail::ResultBuilder::binary_assert': no matching overloaded function found [D:\projects\2024-misis-fall\misis2024f-24-01-vigalok-v-v\build.check\prj.check\prj.check\doctest_complex\doctest_complex.vcxproj]
     4>D:\projects\2024-misis-fall\misis2024f-24-01-vigalok-v-v\prj.check\prj.check\doctest_rational\doctest_rational.cpp(29,3): error C2675: unary '-': 'Rational' does not define this operator or a conversion to a type acceptable to the predefined operator [D:\projects\2024-misis-fall\misis2024f-24-01-vigalok-v-v\build.check\prj.check\prj.check\doctest_rational\doctest_rational.vcxproj]
     4>D:\projects\2024-misis-fall\misis2024f-24-01-vigalok-v-v\prj.check\prj.check\doctest_rational\doctest_rational.cpp(29,3): error C2088: '-': illegal for class [D:\projects\2024-misis-fall\misis2024f-24-01-vigalok-v-v\build.check\prj.check\prj.check\doctest_rational\doctest_rational.vcxproj]
     4>D:\projects\2024-misis-fall\misis2024f-24-01-vigalok-v-v\prj.check\prj.check\doctest_rational\doctest_rational.cpp(29,3): error C2672: 'doctest::detail::ResultBuilder::binary_assert': no matching overloaded function found [D:\projects\2024-misis-fall\misis2024f-24-01-vigalok-v-v\build.check\prj.check\prj.check\doctest_rational\doctest_rational.vcxproj]
     4>D:\projects\2024-misis-fall\misis2024f-24-01-vigalok-v-v\prj.check\prj.check\doctest_rational\doctest_rational.cpp(30,3): error C2675: unary '-': 'Rational' does not define this operator or a conversion to a type acceptable to the predefined operator [D:\projects\2024-misis-fall\misis2024f-24-01-vigalok-v-v\build.check\prj.check\prj.check\doctest_rational\doctest_rational.vcxproj]
     4>D:\projects\2024-misis-fall\misis2024f-24-01-vigalok-v-v\prj.check\prj.check\doctest_rational\doctest_rational.cpp(30,3): error C2088: '-': illegal for class [D:\projects\2024-misis-fall\misis2024f-24-01-vigalok-v-v\build.check\prj.check\prj.check\doctest_rational\doctest_rational.vcxproj]
     4>D:\projects\2024-misis-fall\misis2024f-24-01-vigalok-v-v\prj.check\prj.check\doctest_rational\doctest_rational.cpp(30,3): error C2672: 'doctest::detail::ResultBuilder::binary_assert': no matching overloaded function found [D:\projects\2024-misis-fall\misis2024f-24-01-vigalok-v-v\build.check\prj.check\prj.check\doctest_rational\doctest_rational.vcxproj]
     4>D:\projects\2024-misis-fall\misis2024f-24-01-vigalok-v-v\prj.check\prj.check\doctest_rational\doctest_rational.cpp(31,3): error C2675: unary '-': 'Rational' does not define this operator or a conversion to a type acceptable to the predefined operator [D:\projects\2024-misis-fall\misis2024f-24-01-vigalok-v-v\build.check\prj.check\prj.check\doctest_rational\doctest_rational.vcxproj]
     4>D:\projects\2024-misis-fall\misis2024f-24-01-vigalok-v-v\prj.check\prj.check\doctest_rational\doctest_rational.cpp(31,3): error C2088: '-': illegal for class [D:\projects\2024-misis-fall\misis2024f-24-01-vigalok-v-v\build.check\prj.check\prj.check\doctest_rational\doctest_rational.vcxproj]
     4>D:\projects\2024-misis-fall\misis2024f-24-01-vigalok-v-v\prj.check\prj.check\doctest_rational\doctest_rational.cpp(31,3): error C2672: 'doctest::detail::ResultBuilder::binary_assert': no matching overloaded function found [D:\projects\2024-misis-fall\misis2024f-24-01-vigalok-v-v\build.check\prj.check\prj.check\doctest_rational\doctest_rational.vcxproj]
